[2020-01-19T09:37:36.126] [DEBUG] cheese - login => username:zs,password:123456
[2020-01-19T09:37:36.129] [DEBUG] cheese - zs
[2020-01-19T09:37:36.144] [DEBUG] cheese - null
[2020-01-19T09:37:36.144] [DEBUG] cheese - null
[2020-01-19T09:37:45.423] [DEBUG] cheese - login => username:admin,password:123456
[2020-01-19T09:37:45.423] [DEBUG] cheese - admin
[2020-01-19T09:37:45.432] [DEBUG] cheese - null
[2020-01-19T09:37:45.432] [DEBUG] cheese - null
[2020-01-19T14:58:49.600] [DEBUG] cheese - login => username:admin,password:123456
[2020-01-19T14:58:49.602] [DEBUG] cheese - admin
[2020-01-19T14:58:49.617] [DEBUG] cheese - null
[2020-01-19T14:58:49.618] [DEBUG] cheese - null
[2020-01-19T14:59:44.235] [DEBUG] cheese - login => username:admin,password:123456
[2020-01-19T14:59:44.235] [DEBUG] cheese - admin
[2020-01-19T14:59:44.238] [DEBUG] cheese - null
[2020-01-19T14:59:44.239] [DEBUG] cheese - null
[2020-01-19T15:17:42.569] [DEBUG] cheese - login => username:admin,password:123456
[2020-01-19T15:17:42.570] [DEBUG] cheese - admin
[2020-01-19T15:17:42.574] [DEBUG] cheese - null
[2020-01-19T15:17:42.574] [DEBUG] cheese - null
[2020-01-19T15:18:22.727] [DEBUG] cheese - login => username:admin,password:123456
[2020-01-19T15:18:22.727] [DEBUG] cheese - admin
[2020-01-19T15:18:22.729] [DEBUG] cheese - null
[2020-01-19T15:18:22.729] [DEBUG] cheese - null
[2020-01-19T15:18:26.210] [DEBUG] cheese - login => username:admin,password:123456
[2020-01-19T15:18:26.210] [DEBUG] cheese - admin
[2020-01-19T15:18:26.213] [DEBUG] cheese - null
[2020-01-19T15:18:26.213] [DEBUG] cheese - null
[2020-01-19T15:18:28.096] [DEBUG] cheese - login => username:admina,password:123456
[2020-01-19T15:18:28.096] [DEBUG] cheese - admina
[2020-01-19T15:18:28.098] [DEBUG] cheese - null
[2020-01-19T15:18:28.098] [DEBUG] cheese - null
[2020-01-19T15:25:07.169] [DEBUG] cheese - login => username:admin,password:123456
[2020-01-19T15:25:07.170] [DEBUG] cheese - admin
[2020-01-19T15:25:07.172] [DEBUG] cheese - null
[2020-01-19T15:25:07.173] [DEBUG] cheese - null
[2020-01-19T15:26:31.579] [DEBUG] cheese - login => username:admin,password:123456d
[2020-01-19T15:26:31.579] [DEBUG] cheese - admin
[2020-01-19T15:26:31.581] [DEBUG] cheese - null
[2020-01-19T15:26:31.581] [DEBUG] cheese - null
[2020-01-19T15:26:34.835] [DEBUG] cheese - login => username:admin,password:123456d
[2020-01-19T15:26:34.835] [DEBUG] cheese - admin
[2020-01-19T15:26:34.836] [DEBUG] cheese - null
[2020-01-19T15:26:34.837] [DEBUG] cheese - null
[2020-01-19T15:26:35.293] [DEBUG] cheese - login => username:admin,password:123456d
[2020-01-19T15:26:35.293] [DEBUG] cheese - admin
[2020-01-19T15:26:35.296] [DEBUG] cheese - null
[2020-01-19T15:26:35.296] [DEBUG] cheese - null
[2020-01-19T15:26:40.302] [DEBUG] cheese - login => username:admin,password:123456
[2020-01-19T15:26:40.302] [DEBUG] cheese - admin
[2020-01-19T15:26:40.304] [DEBUG] cheese - null
[2020-01-19T15:26:40.304] [DEBUG] cheese - null
[2020-01-19T15:28:41.289] [DEBUG] cheese - login => username:admin,password:123456
[2020-01-19T15:28:41.289] [DEBUG] cheese - admin
[2020-01-19T15:28:41.291] [DEBUG] cheese - null
[2020-01-19T15:28:41.291] [DEBUG] cheese - null
[2020-01-19T15:29:36.110] [DEBUG] cheese - login => username:admin,password:123456
[2020-01-19T15:29:36.110] [DEBUG] cheese - admin
[2020-01-19T15:29:36.113] [DEBUG] cheese - null
[2020-01-19T15:29:36.113] [DEBUG] cheese - null
[2020-01-19T15:30:03.885] [DEBUG] cheese - login => username:admin,password:123456
[2020-01-19T15:30:03.885] [DEBUG] cheese - admin
[2020-01-19T15:30:03.888] [DEBUG] cheese - null
[2020-01-19T15:30:03.888] [DEBUG] cheese - null
[2020-01-19T15:42:40.236] [DEBUG] cheese - login => username:admin,password:123456
[2020-01-19T15:42:40.236] [DEBUG] cheese - admin
[2020-01-19T15:42:40.239] [DEBUG] cheese - null
[2020-01-19T15:42:40.239] [DEBUG] cheese - null
[2020-01-19T16:03:47.994] [DEBUG] cheese - login => username:admin,password:123456
[2020-01-19T16:03:47.994] [DEBUG] cheese - admin
[2020-01-19T16:03:47.997] [DEBUG] cheese - null
[2020-01-19T16:03:47.997] [DEBUG] cheese - null
[2020-01-19T16:10:45.012] [DEBUG] cheese - login => username:admin,password:123456
[2020-01-19T16:10:45.012] [DEBUG] cheese - admin
[2020-01-19T16:10:45.016] [DEBUG] cheese - null
[2020-01-19T16:10:45.016] [DEBUG] cheese - null
[2020-01-19T16:11:53.433] [DEBUG] cheese - login => username:admin,password:123456
[2020-01-19T16:11:53.433] [DEBUG] cheese - admin
[2020-01-19T16:11:53.436] [DEBUG] cheese - null
[2020-01-19T16:11:53.436] [DEBUG] cheese - null
[2020-01-19T16:18:49.514] [DEBUG] cheese - login => username:admin,password:123456
[2020-01-19T16:18:49.514] [DEBUG] cheese - admin
[2020-01-19T16:18:49.516] [DEBUG] cheese - null
[2020-01-19T16:18:49.517] [DEBUG] cheese - null
[2020-01-19T16:28:16.679] [DEBUG] cheese - login => username:admin,password:123456
[2020-01-19T16:28:16.679] [DEBUG] cheese - admin
[2020-01-19T16:28:16.681] [DEBUG] cheese - null
[2020-01-19T16:28:16.681] [DEBUG] cheese - null
[2020-01-19T16:56:02.532] [DEBUG] cheese - login => username:admin,password:123456
[2020-01-19T16:56:02.533] [DEBUG] cheese - admin
[2020-01-19T16:56:02.536] [DEBUG] cheese - null
[2020-01-19T16:56:02.536] [DEBUG] cheese - null
[2020-01-19T17:21:38.815] [DEBUG] cheese - login => username:admin,password:123456
[2020-01-19T17:21:38.815] [DEBUG] cheese - admin
[2020-01-19T17:21:38.817] [DEBUG] cheese - null
[2020-01-19T17:21:38.817] [DEBUG] cheese - null
[2020-01-19T17:23:50.368] [DEBUG] cheese - login => username:admin,password:123456
[2020-01-19T17:23:50.369] [DEBUG] cheese - admin
[2020-01-19T17:23:50.371] [DEBUG] cheese - null
[2020-01-19T17:23:50.371] [DEBUG] cheese - null
[2020-01-19T17:24:24.053] [DEBUG] cheese - login => username:admin,password:123456
[2020-01-19T17:24:24.053] [DEBUG] cheese - admin
[2020-01-19T17:24:24.055] [DEBUG] cheese - null
[2020-01-19T17:24:24.055] [DEBUG] cheese - null
[2020-01-19T17:28:18.312] [DEBUG] cheese - login => username:admin,password:123456
[2020-01-19T17:28:18.312] [DEBUG] cheese - admin
[2020-01-19T17:28:18.315] [DEBUG] cheese - null
[2020-01-19T17:28:18.315] [DEBUG] cheese - null
[2020-01-19T17:44:37.466] [DEBUG] cheese - login => username:admin,password:123456
[2020-01-19T17:44:37.466] [DEBUG] cheese - admin
[2020-01-19T17:44:37.469] [DEBUG] cheese - null
[2020-01-19T17:44:37.469] [DEBUG] cheese - null
[2020-01-19T17:46:20.424] [DEBUG] cheese - login => username:admin,password:123456
[2020-01-19T17:46:20.424] [DEBUG] cheese - admin
[2020-01-19T17:46:20.428] [DEBUG] cheese - null
[2020-01-19T17:46:20.428] [DEBUG] cheese - null
[2020-01-19T21:53:47.644] [DEBUG] cheese - login => username:admin,password:123456
[2020-01-19T21:53:47.644] [DEBUG] cheese - admin
[2020-01-19T21:53:47.647] [DEBUG] cheese - null
[2020-01-19T21:53:47.647] [DEBUG] cheese - null
[2020-01-19T22:21:52.998] [DEBUG] cheese - login => username:admin,password:123456
[2020-01-19T22:21:52.998] [DEBUG] cheese - admin
[2020-01-19T22:21:53.001] [DEBUG] cheese - null
[2020-01-19T22:21:53.001] [DEBUG] cheese - null
[2020-01-19T23:08:34.335] [DEBUG] cheese - login => username:admin,password:123456
[2020-01-19T23:08:34.335] [DEBUG] cheese - admin
[2020-01-19T23:08:34.337] [DEBUG] cheese - null
[2020-01-19T23:08:34.337] [DEBUG] cheese - null
[2020-01-20T16:15:37.043] [DEBUG] cheese - login => username:admin,password:123456
[2020-01-20T16:15:37.045] [DEBUG] cheese - admin
[2020-01-20T16:15:37.055] [DEBUG] cheese - null
[2020-01-20T16:15:37.056] [DEBUG] cheese - null
[2020-01-20T16:40:51.810] [DEBUG] cheese - login => username:admin,password:123456
[2020-01-20T16:40:51.810] [DEBUG] cheese - admin
[2020-01-20T16:40:51.814] [DEBUG] cheese - null
[2020-01-20T16:40:51.814] [DEBUG] cheese - null
[2020-01-20T23:36:37.377] [DEBUG] cheese - login => username:admin,password:123456
[2020-01-20T23:36:37.378] [DEBUG] cheese - admin
[2020-01-20T23:36:37.380] [DEBUG] cheese - null
[2020-01-20T23:36:37.380] [DEBUG] cheese - null
[2020-01-21T15:57:20.945] [DEBUG] cheese - null
[2020-01-21T23:03:47.319] [DEBUG] cheese - login => username:admin,password:123456
[2020-01-21T23:03:47.320] [DEBUG] cheese - admin
[2020-01-21T23:03:47.323] [DEBUG] cheese - null
[2020-01-21T23:03:47.323] [DEBUG] cheese - null
[2020-01-23T20:44:20.582] [DEBUG] cheese - login => username:admin,password:123456
[2020-01-23T20:44:20.585] [DEBUG] cheese - admin
[2020-01-23T20:44:20.604] [DEBUG] cheese - null
[2020-01-23T20:44:20.605] [DEBUG] cheese - null
[2020-01-25T12:07:27.757] [DEBUG] cheese - login => username:admin,password:123456
[2020-01-25T12:07:27.758] [DEBUG] cheese - admin
[2020-01-25T12:07:27.868] [DEBUG] cheese - null
[2020-01-25T12:07:27.868] [DEBUG] cheese - null
[2020-01-25T17:55:09.328] [DEBUG] cheese - login => username:admin,password:123456
[2020-01-25T17:55:09.328] [DEBUG] cheese - admin
[2020-01-25T17:55:09.330] [DEBUG] cheese - null
[2020-01-25T17:55:09.330] [DEBUG] cheese - null
[2020-01-25T17:56:06.587] [DEBUG] cheese - login => username:admi,password:123456
[2020-01-25T17:56:06.588] [DEBUG] cheese - admi
[2020-01-25T17:56:06.589] [DEBUG] cheese - null
[2020-01-25T17:56:06.589] [DEBUG] cheese - null
[2020-01-25T17:56:10.552] [DEBUG] cheese - login => username:admin,password:123456
[2020-01-25T17:56:10.552] [DEBUG] cheese - admin
[2020-01-25T17:56:10.555] [DEBUG] cheese - null
[2020-01-25T17:56:10.555] [DEBUG] cheese - null
[2020-01-25T17:56:25.692] [DEBUG] cheese - login => username:linken,password:123456
[2020-01-25T17:56:25.692] [DEBUG] cheese - linken
[2020-01-25T17:56:25.695] [DEBUG] cheese - null
[2020-01-25T17:56:25.695] [DEBUG] cheese - null
[2020-01-25T17:56:33.086] [DEBUG] cheese - login => username:admin,password:123456
[2020-01-25T17:56:33.086] [DEBUG] cheese - admin
[2020-01-25T17:56:33.089] [DEBUG] cheese - null
[2020-01-25T17:56:33.089] [DEBUG] cheese - null
[2020-01-25T18:01:11.807] [DEBUG] cheese - login => username:auth,password:123456
[2020-01-25T18:01:11.807] [DEBUG] cheese - auth
[2020-01-25T18:01:11.809] [DEBUG] cheese - null
[2020-01-25T18:01:11.809] [DEBUG] cheese - null
[2020-01-25T18:01:21.331] [DEBUG] cheese - login => username:auth,password:123456
[2020-01-25T18:01:21.331] [DEBUG] cheese - auth
[2020-01-25T18:01:21.333] [DEBUG] cheese - null
[2020-01-25T18:01:21.333] [DEBUG] cheese - null
[2020-01-25T18:01:22.594] [DEBUG] cheese - login => username:admin,password:123456
[2020-01-25T18:01:22.594] [DEBUG] cheese - admin
[2020-01-25T18:01:22.596] [DEBUG] cheese - null
[2020-01-25T18:01:22.596] [DEBUG] cheese - null
[2020-01-25T18:01:46.719] [DEBUG] cheese - login => username:auth,password:123456
[2020-01-25T18:01:46.719] [DEBUG] cheese - auth
[2020-01-25T18:01:46.720] [DEBUG] cheese - null
[2020-01-25T18:01:46.720] [DEBUG] cheese - null
[2020-01-25T18:01:49.042] [DEBUG] cheese - null
[2020-01-25T18:01:49.045] [DEBUG] cheese - null
[2020-01-25T18:01:52.237] [DEBUG] cheese - null
[2020-01-25T18:01:52.238] [DEBUG] cheese - null
[2020-01-25T18:01:53.421] [DEBUG] cheese - null
[2020-01-25T18:01:53.424] [DEBUG] cheese - null
[2020-01-25T18:01:59.201] [DEBUG] cheese - login => username:admin,password:123456
[2020-01-25T18:01:59.201] [DEBUG] cheese - admin
[2020-01-25T18:01:59.202] [DEBUG] cheese - null
[2020-01-25T18:01:59.202] [DEBUG] cheese - null
[2020-01-26T13:07:24.764] [DEBUG] cheese - login => username:admin,password:123456
[2020-01-26T13:07:24.764] [DEBUG] cheese - admin
[2020-01-26T13:07:24.767] [DEBUG] cheese - null
[2020-01-26T13:07:24.767] [DEBUG] cheese - null
[2020-01-26T16:04:29.486] [DEBUG] cheese - login => username:admin,password:123456
[2020-01-26T16:04:29.486] [DEBUG] cheese - admin
[2020-01-26T16:04:29.592] [DEBUG] cheese - null
[2020-01-26T16:04:29.592] [DEBUG] cheese - null
[2020-01-26T17:42:27.771] [DEBUG] cheese - login => username:orders,password:123456
[2020-01-26T17:42:27.772] [DEBUG] cheese - orders
[2020-01-26T17:42:27.776] [DEBUG] cheese - null
[2020-01-26T17:42:27.776] [DEBUG] cheese - null
[2020-01-26T17:42:37.026] [DEBUG] cheese - login => username:admin,password:123456
[2020-01-26T17:42:37.026] [DEBUG] cheese - admin
[2020-01-26T17:42:37.031] [DEBUG] cheese - null
[2020-01-26T17:42:37.031] [DEBUG] cheese - null
[2020-01-26T17:42:51.967] [DEBUG] cheese - login => username:good,password:123456
[2020-01-26T17:42:51.967] [DEBUG] cheese - good
[2020-01-26T17:42:51.968] [DEBUG] cheese - null
[2020-01-26T17:42:51.969] [DEBUG] cheese - null
[2020-01-26T17:42:57.198] [DEBUG] cheese - login => username:good,password:123456
[2020-01-26T17:42:57.198] [DEBUG] cheese - good
[2020-01-26T17:42:57.202] [DEBUG] cheese - null
[2020-01-26T17:42:57.202] [DEBUG] cheese - null
[2020-01-26T17:43:03.117] [DEBUG] cheese - login => username:admin,password:123456
[2020-01-26T17:43:03.117] [DEBUG] cheese - admin
[2020-01-26T17:43:03.121] [DEBUG] cheese - null
[2020-01-26T17:43:03.121] [DEBUG] cheese - null
[2020-01-26T17:59:57.263] [DEBUG] cheese - login => username:linken,password:123456
[2020-01-26T17:59:57.263] [DEBUG] cheese - linken
[2020-01-26T17:59:57.266] [DEBUG] cheese - null
[2020-01-26T17:59:57.266] [DEBUG] cheese - null
[2020-01-26T17:59:59.567] [DEBUG] cheese - null
[2020-01-26T17:59:59.571] [DEBUG] cheese - null
[2020-01-26T18:00:00.669] [DEBUG] cheese - null
[2020-01-26T18:00:00.673] [DEBUG] cheese - null
[2020-01-26T18:00:01.722] [DEBUG] cheese - null
[2020-01-26T18:00:01.725] [DEBUG] cheese - null
[2020-01-26T18:00:12.566] [DEBUG] cheese - null
[2020-01-26T18:00:12.571] [DEBUG] cheese - null
[2020-01-26T18:00:13.701] [DEBUG] cheese - null
[2020-01-26T18:00:13.705] [DEBUG] cheese - null
[2020-01-26T18:00:20.653] [DEBUG] cheese - login => username:admin,password:123456
[2020-01-26T18:00:20.653] [DEBUG] cheese - admin
[2020-01-26T18:00:20.657] [DEBUG] cheese - null
[2020-01-26T18:00:20.657] [DEBUG] cheese - null
[2020-01-26T18:01:02.169] [DEBUG] cheese - login => username:admin,password:123456
[2020-01-26T18:01:02.169] [DEBUG] cheese - admin
[2020-01-26T18:01:02.174] [DEBUG] cheese - null
[2020-01-26T18:01:02.174] [DEBUG] cheese - null
[2020-01-26T18:01:11.646] [DEBUG] cheese - login => username:orders,password:123456
[2020-01-26T18:01:11.646] [DEBUG] cheese - orders
[2020-01-26T18:01:11.650] [DEBUG] cheese - null
[2020-01-26T18:01:11.650] [DEBUG] cheese - null
[2020-01-26T18:01:12.416] [DEBUG] cheese - login => username:orders,password:123456
[2020-01-26T18:01:12.416] [DEBUG] cheese - orders
[2020-01-26T18:01:12.421] [DEBUG] cheese - null
[2020-01-26T18:01:12.421] [DEBUG] cheese - null
[2020-01-26T18:01:12.616] [DEBUG] cheese - login => username:orders,password:123456
[2020-01-26T18:01:12.617] [DEBUG] cheese - orders
[2020-01-26T18:01:12.620] [DEBUG] cheese - null
[2020-01-26T18:01:12.621] [DEBUG] cheese - null
[2020-01-26T18:01:15.327] [DEBUG] cheese - login => username:admin,password:123456
[2020-01-26T18:01:15.327] [DEBUG] cheese - admin
[2020-01-26T18:01:15.331] [DEBUG] cheese - null
[2020-01-26T18:01:15.331] [DEBUG] cheese - null
[2020-01-26T22:01:29.107] [DEBUG] cheese - login => username:admin,password:123456
[2020-01-26T22:01:29.107] [DEBUG] cheese - admin
[2020-01-26T22:01:29.113] [DEBUG] cheese - null
[2020-01-26T22:01:29.113] [DEBUG] cheese - null
[2020-01-28T09:54:49.669] [DEBUG] cheese - login => username:admin,password:123456
[2020-01-28T09:54:49.671] [DEBUG] cheese - admin
[2020-01-28T09:54:49.689] [DEBUG] cheese - null
[2020-01-28T09:54:49.690] [DEBUG] cheese - null
[2020-01-28T09:59:40.428] [DEBUG] cheese - login => username:admin,password:123456
[2020-01-28T09:59:40.428] [DEBUG] cheese - admin
[2020-01-28T09:59:40.431] [DEBUG] cheese - null
[2020-01-28T09:59:40.431] [DEBUG] cheese - null
[2020-01-28T12:56:54.555] [DEBUG] cheese - login => username:admin,password:123456
[2020-01-28T12:56:54.555] [DEBUG] cheese - admin
[2020-01-28T12:56:54.558] [DEBUG] cheese - null
[2020-01-28T12:56:54.558] [DEBUG] cheese - null
[2020-01-29T14:09:05.931] [DEBUG] cheese - login => username:admin,password:123456
[2020-01-29T14:09:05.931] [DEBUG] cheese - admin
[2020-01-29T14:09:05.987] [DEBUG] cheese - null
[2020-01-29T14:09:05.987] [DEBUG] cheese - null
[2020-01-30T13:06:03.979] [DEBUG] cheese - login => username:admin,password:123456
[2020-01-30T13:06:03.981] [DEBUG] cheese - admin
[2020-01-30T13:06:03.998] [DEBUG] cheese - null
[2020-01-30T13:06:03.999] [DEBUG] cheese - null
[2020-01-31T15:04:41.057] [DEBUG] cheese - login => username:admin,password:123456
[2020-01-31T15:04:41.059] [DEBUG] cheese - admin
[2020-01-31T15:04:41.091] [DEBUG] cheese - null
[2020-01-31T15:04:41.091] [DEBUG] cheese - null
[2020-01-31T15:16:39.226] [DEBUG] cheese - login => username:admin,password:123456
[2020-01-31T15:16:39.226] [DEBUG] cheese - admin
[2020-01-31T15:16:39.230] [DEBUG] cheese - null
[2020-01-31T15:16:39.230] [DEBUG] cheese - null
[2020-01-31T15:16:57.411] [DEBUG] cheese - login => username:admin,password:123456
[2020-01-31T15:16:57.412] [DEBUG] cheese - admin
[2020-01-31T15:16:57.416] [DEBUG] cheese - null
[2020-01-31T15:16:57.416] [DEBUG] cheese - null
[2020-01-31T16:45:49.514] [DEBUG] cheese - null
[2020-02-01T15:19:52.934] [DEBUG] cheese - login => username:admin,password:123456
[2020-02-01T15:19:52.934] [DEBUG] cheese - admin
[2020-02-01T15:19:52.943] [DEBUG] cheese - null
[2020-02-01T15:19:52.943] [DEBUG] cheese - null
[2020-02-02T10:55:43.884] [DEBUG] cheese - login => username:admin,password:123456
[2020-02-02T10:55:43.884] [DEBUG] cheese - admin
[2020-02-02T10:55:43.887] [DEBUG] cheese - null
[2020-02-02T10:55:43.887] [DEBUG] cheese - null
[2020-02-02T12:23:43.455] [DEBUG] cheese - login => username:admin,password:123456
[2020-02-02T12:23:43.458] [DEBUG] cheese - admin
[2020-02-02T12:23:43.478] [DEBUG] cheese - null
[2020-02-02T12:23:43.478] [DEBUG] cheese - null
[2020-02-02T12:25:57.106] [DEBUG] cheese - login => username:admin,password:123456
[2020-02-02T12:25:57.106] [DEBUG] cheese - admin
[2020-02-02T12:25:57.112] [DEBUG] cheese - null
[2020-02-02T12:25:57.112] [DEBUG] cheese - null
[2020-02-02T12:27:41.624] [DEBUG] cheese - login => username:admin,password:123456
[2020-02-02T12:27:41.624] [DEBUG] cheese - admin
[2020-02-02T12:27:41.630] [DEBUG] cheese - null
[2020-02-02T12:27:41.630] [DEBUG] cheese - null
[2020-02-02T12:28:10.566] [DEBUG] cheese - login => username:admin5,password:123456
[2020-02-02T12:28:10.566] [DEBUG] cheese - admin5
[2020-02-02T12:28:10.570] [DEBUG] cheese - null
[2020-02-02T12:28:10.571] [DEBUG] cheese - null
[2020-02-02T12:28:31.941] [DEBUG] cheese - login => username:admin,password:123456
[2020-02-02T12:28:31.941] [DEBUG] cheese - admin
[2020-02-02T12:28:31.946] [DEBUG] cheese - null
[2020-02-02T12:28:31.946] [DEBUG] cheese - null
[2020-02-02T12:40:46.618] [DEBUG] cheese - login => username:admin,password:123456
[2020-02-02T12:40:46.619] [DEBUG] cheese - admin
[2020-02-02T12:40:46.622] [DEBUG] cheese - null
[2020-02-02T12:40:46.622] [DEBUG] cheese - null
[2020-02-02T12:47:25.040] [DEBUG] cheese - login => username:admin,password:123456
[2020-02-02T12:47:25.040] [DEBUG] cheese - admin
[2020-02-02T12:47:25.043] [DEBUG] cheese - null
[2020-02-02T12:47:25.043] [DEBUG] cheese - null
[2020-02-02T12:59:06.747] [DEBUG] cheese - login => username:admin,password:123456
[2020-02-02T12:59:06.750] [DEBUG] cheese - admin
[2020-02-02T12:59:06.762] [DEBUG] cheese - null
[2020-02-02T12:59:06.762] [DEBUG] cheese - null
[2020-02-02T13:42:31.266] [DEBUG] cheese - login => username:admin,password:123456
[2020-02-02T13:42:31.266] [DEBUG] cheese - admin
[2020-02-02T13:42:31.272] [DEBUG] cheese - null
[2020-02-02T13:42:31.273] [DEBUG] cheese - null
[2020-02-02T13:42:52.236] [DEBUG] cheese - login => username:admin,password:123456
[2020-02-02T13:42:52.237] [DEBUG] cheese - admin
[2020-02-02T13:42:52.241] [DEBUG] cheese - null
[2020-02-02T13:42:52.241] [DEBUG] cheese - null
[2020-02-02T13:43:22.373] [DEBUG] cheese - login => username:admin,password:123456
[2020-02-02T13:43:22.373] [DEBUG] cheese - admin
[2020-02-02T13:43:22.381] [DEBUG] cheese - null
[2020-02-02T13:43:22.382] [DEBUG] cheese - null
[2020-02-02T13:57:57.669] [DEBUG] cheese - login => username:admin,password:123456
[2020-02-02T13:57:57.669] [DEBUG] cheese - admin
[2020-02-02T13:57:57.675] [DEBUG] cheese - null
[2020-02-02T13:57:57.675] [DEBUG] cheese - null
[2020-02-02T14:01:00.834] [DEBUG] cheese - login => username:admin,password:123456
[2020-02-02T14:01:00.836] [DEBUG] cheese - admin
[2020-02-02T14:01:00.875] [DEBUG] cheese - null
[2020-02-02T14:01:00.876] [DEBUG] cheese - null
[2020-02-02T14:28:33.260] [DEBUG] cheese - login => username:admin,password:123456
[2020-02-02T14:28:33.260] [DEBUG] cheese - admin
[2020-02-02T14:28:33.263] [DEBUG] cheese - null
[2020-02-02T14:28:33.263] [DEBUG] cheese - null
[2020-02-02T14:35:49.467] [DEBUG] cheese - login => username:admin,password:123456
[2020-02-02T14:35:49.467] [DEBUG] cheese - admin
[2020-02-02T14:35:49.470] [DEBUG] cheese - null
[2020-02-02T14:35:49.470] [DEBUG] cheese - null
[2020-02-02T15:29:21.354] [DEBUG] cheese - login => username:admin,password:123456
[2020-02-02T15:29:21.354] [DEBUG] cheese - admin
[2020-02-02T15:29:21.363] [DEBUG] cheese - null
[2020-02-02T15:29:21.363] [DEBUG] cheese - null
[2020-02-02T15:34:42.350] [DEBUG] cheese - login => username:admin,password:123456
[2020-02-02T15:34:42.350] [DEBUG] cheese - admin
[2020-02-02T15:34:42.352] [DEBUG] cheese - null
[2020-02-02T15:34:42.353] [DEBUG] cheese - null
[2020-02-02T16:01:32.433] [DEBUG] cheese - login => username:admin,password:123456
[2020-02-02T16:01:32.433] [DEBUG] cheese - admin
[2020-02-02T16:01:32.435] [DEBUG] cheese - null
[2020-02-02T16:01:32.435] [DEBUG] cheese - null
[2020-02-02T16:11:20.413] [DEBUG] cheese - login => username:admin,password:123456
[2020-02-02T16:11:20.413] [DEBUG] cheese - admin
[2020-02-02T16:11:20.414] [DEBUG] cheese - null
[2020-02-02T16:11:20.414] [DEBUG] cheese - null
[2020-02-05T13:54:07.684] [DEBUG] cheese - login => username:admin,password:123456
[2020-02-05T13:54:07.685] [DEBUG] cheese - admin
[2020-02-05T13:54:07.719] [DEBUG] cheese - null
[2020-02-05T13:54:07.719] [DEBUG] cheese - null
[2020-02-14T17:01:46.873] [DEBUG] cheese - login => username:admin,password:123456
[2020-02-14T17:01:46.876] [DEBUG] cheese - admin
[2020-02-14T17:01:46.900] [DEBUG] cheese - null
[2020-02-14T17:01:46.901] [DEBUG] cheese - null
[2020-02-14T17:50:21.591] [DEBUG] cheese - login => username:admin,password:123456
[2020-02-14T17:50:21.594] [DEBUG] cheese - admin
[2020-02-14T17:50:21.604] [DEBUG] cheese - null
[2020-02-14T17:50:21.604] [DEBUG] cheese - null
[2020-02-14T17:51:46.243] [DEBUG] cheese - login => username:report,password:123456
[2020-02-14T17:51:46.244] [DEBUG] cheese - report
[2020-02-14T17:51:46.247] [DEBUG] cheese - null
[2020-02-14T17:51:46.247] [DEBUG] cheese - null
[2020-02-14T17:51:51.927] [DEBUG] cheese - login => username:admin,password:123456
[2020-02-14T17:51:51.928] [DEBUG] cheese - admin
[2020-02-14T17:51:51.930] [DEBUG] cheese - null
[2020-02-14T17:51:51.930] [DEBUG] cheese - null
[2020-02-14T17:53:05.427] [DEBUG] cheese - login => username:author,password:123456
[2020-02-14T17:53:05.427] [DEBUG] cheese - author
[2020-02-14T17:53:05.429] [DEBUG] cheese - null
[2020-02-14T17:53:05.429] [DEBUG] cheese - null
[2020-02-14T17:53:07.947] [DEBUG] cheese - null
[2020-02-14T17:53:07.949] [DEBUG] cheese - null
[2020-02-14T17:53:13.294] [DEBUG] cheese - null
[2020-02-14T17:53:13.296] [DEBUG] cheese - null
[2020-02-14T17:53:14.599] [DEBUG] cheese - null
[2020-02-14T17:53:14.601] [DEBUG] cheese - null
[2020-02-14T17:53:23.043] [DEBUG] cheese - login => username:admin,password:123456
[2020-02-14T17:53:23.043] [DEBUG] cheese - admin
[2020-02-14T17:53:23.045] [DEBUG] cheese - null
[2020-02-14T17:53:23.045] [DEBUG] cheese - null
[2020-02-15T13:35:26.258] [DEBUG] cheese - login => username:admin,password:123456
[2020-02-15T13:35:26.259] [DEBUG] cheese - admin
[2020-02-15T13:35:26.261] [DEBUG] cheese - null
[2020-02-15T13:35:26.261] [DEBUG] cheese - null
[2020-02-16T12:38:14.875] [DEBUG] cheese - login => username:admin,password:123456
[2020-02-16T12:38:14.875] [DEBUG] cheese - admin
[2020-02-16T12:38:14.885] [DEBUG] cheese - null
[2020-02-16T12:38:14.885] [DEBUG] cheese - null
[2020-02-19T12:23:52.880] [DEBUG] cheese - login => username:admin,password:123456
[2020-02-19T12:23:52.880] [DEBUG] cheese - admin
[2020-02-19T12:23:52.886] [DEBUG] cheese - null
[2020-02-19T12:23:52.887] [DEBUG] cheese - null
[2020-02-19T12:26:17.173] [DEBUG] cheese - login => username:admin,password:123456
[2020-02-19T12:26:17.173] [DEBUG] cheese - admin
[2020-02-19T12:26:17.176] [DEBUG] cheese - null
[2020-02-19T12:26:17.176] [DEBUG] cheese - null
[2020-02-19T12:27:14.420] [DEBUG] cheese - login => username:admin,password:123456
[2020-02-19T12:27:14.420] [DEBUG] cheese - admin
[2020-02-19T12:27:14.422] [DEBUG] cheese - null
[2020-02-19T12:27:14.423] [DEBUG] cheese - null
[2020-02-25T03:10:46.626] [DEBUG] cheese - login => username:admin,password:123456
[2020-02-25T03:10:46.629] [DEBUG] cheese - admin
[2020-02-25T03:10:46.663] [DEBUG] cheese - null
[2020-02-25T03:10:46.663] [DEBUG] cheese - null
[2020-02-25T03:12:31.943] [DEBUG] cheese - login => username:goods,password:123456
[2020-02-25T03:12:31.943] [DEBUG] cheese - goods
[2020-02-25T03:12:31.945] [DEBUG] cheese - null
[2020-02-25T03:12:31.945] [DEBUG] cheese - null
[2020-02-25T03:12:34.412] [DEBUG] cheese - login => username:admin,password:123456
[2020-02-25T03:12:34.412] [DEBUG] cheese - admin
[2020-02-25T03:12:34.415] [DEBUG] cheese - null
[2020-02-25T03:12:34.415] [DEBUG] cheese - null
[2020-02-25T03:12:53.832] [DEBUG] cheese - login => username:good,password:123456
[2020-02-25T03:12:53.832] [DEBUG] cheese - good
[2020-02-25T03:12:53.835] [DEBUG] cheese - null
[2020-02-25T03:12:53.835] [DEBUG] cheese - null
[2020-02-25T03:13:04.899] [DEBUG] cheese - login => username:goods,password:123456
[2020-02-25T03:13:04.899] [DEBUG] cheese - goods
[2020-02-25T03:13:04.901] [DEBUG] cheese - null
[2020-02-25T03:13:04.901] [DEBUG] cheese - null
[2020-02-25T03:13:08.296] [DEBUG] cheese - null
[2020-02-25T03:13:08.298] [DEBUG] cheese - null
[2020-02-25T03:13:24.035] [DEBUG] cheese - null
[2020-02-25T03:13:24.038] [DEBUG] cheese - null
[2020-02-25T03:13:28.201] [DEBUG] cheese - null
[2020-02-25T03:13:28.203] [DEBUG] cheese - null
[2020-02-25T03:13:51.407] [DEBUG] cheese - null
[2020-02-25T03:13:51.410] [DEBUG] cheese - null
[2020-02-25T03:13:56.478] [DEBUG] cheese - null
[2020-02-25T03:13:56.480] [DEBUG] cheese - null
[2020-02-25T03:13:59.727] [DEBUG] cheese - null
[2020-02-25T03:13:59.729] [DEBUG] cheese - null
[2020-02-25T03:14:04.221] [DEBUG] cheese - null
[2020-02-25T03:14:04.224] [DEBUG] cheese - null
[2020-02-25T03:14:04.272] [DEBUG] cheese - null
[2020-02-25T03:14:04.273] [DEBUG] cheese - null
[2020-02-25T03:14:12.593] [DEBUG] cheese - login => username:goods,password:123456
[2020-02-25T03:14:12.593] [DEBUG] cheese - goods
[2020-02-25T03:14:12.596] [DEBUG] cheese - null
[2020-02-25T03:14:12.596] [DEBUG] cheese - null
[2020-02-25T03:14:15.186] [DEBUG] cheese - null
[2020-02-25T03:14:15.188] [DEBUG] cheese - null
[2020-02-25T03:14:16.064] [DEBUG] cheese - null
[2020-02-25T03:14:16.065] [DEBUG] cheese - null
[2020-02-25T03:14:17.239] [DEBUG] cheese - null
[2020-02-25T03:14:17.241] [DEBUG] cheese - null
[2020-02-25T03:14:23.251] [DEBUG] cheese - login => username:admin,password:123456
[2020-02-25T03:14:23.251] [DEBUG] cheese - admin
[2020-02-25T03:14:23.253] [DEBUG] cheese - null
[2020-02-25T03:14:23.253] [DEBUG] cheese - null
[2020-02-25T03:16:13.919] [DEBUG] cheese - login => username:goods,password:123456
[2020-02-25T03:16:13.919] [DEBUG] cheese - goods
[2020-02-25T03:16:13.920] [DEBUG] cheese - null
[2020-02-25T03:16:13.921] [DEBUG] cheese - null
[2020-02-25T03:16:17.235] [DEBUG] cheese - null
[2020-02-25T03:16:17.236] [DEBUG] cheese - null
[2020-02-25T03:16:20.234] [DEBUG] cheese - null
[2020-02-25T03:16:20.239] [DEBUG] cheese - null
[2020-02-25T03:16:21.420] [DEBUG] cheese - null
[2020-02-25T03:16:21.427] [DEBUG] cheese - null
[2020-02-25T03:16:28.501] [DEBUG] cheese - login => username:admin,password:123456
[2020-02-25T03:16:28.502] [DEBUG] cheese - admin
[2020-02-25T03:16:28.513] [DEBUG] cheese - null
[2020-02-25T03:16:28.513] [DEBUG] cheese - null
[2020-02-25T03:23:35.712] [DEBUG] cheese - login => username:admin,password:123456
[2020-02-25T03:23:35.712] [DEBUG] cheese - admin
[2020-02-25T03:23:35.715] [DEBUG] cheese - null
[2020-02-25T03:23:35.715] [DEBUG] cheese - null
[2020-02-25T03:25:38.822] [DEBUG] cheese - null
[2020-02-25T03:26:05.449] [DEBUG] cheese - login => username:linken,password:123456
[2020-02-25T03:26:05.450] [DEBUG] cheese - linken
[2020-02-25T03:26:05.451] [DEBUG] cheese - null
[2020-02-25T03:26:05.451] [DEBUG] cheese - null
[2020-02-25T03:26:07.914] [DEBUG] cheese - null
[2020-02-25T03:26:12.458] [DEBUG] cheese - null
[2020-02-25T03:26:18.375] [DEBUG] cheese - null
[2020-02-25T03:26:18.377] [DEBUG] cheese - null
[2020-02-25T03:26:21.334] [DEBUG] cheese - null
[2020-02-25T03:26:21.335] [DEBUG] cheese - null
[2020-02-25T03:26:22.151] [DEBUG] cheese - null
[2020-02-25T03:26:22.153] [DEBUG] cheese - null
[2020-02-25T03:26:22.799] [DEBUG] cheese - null
[2020-02-25T03:26:22.801] [DEBUG] cheese - null
[2020-02-25T03:26:25.970] [DEBUG] cheese - login => username:admin,password:123456
[2020-02-25T03:26:25.970] [DEBUG] cheese - admin
[2020-02-25T03:26:25.972] [DEBUG] cheese - null
[2020-02-25T03:26:25.972] [DEBUG] cheese - null
[2020-02-25T03:44:58.658] [DEBUG] cheese - login => username:admin,password:123456
[2020-02-25T03:44:58.658] [DEBUG] cheese - admin
[2020-02-25T03:44:58.660] [DEBUG] cheese - null
[2020-02-25T03:44:58.660] [DEBUG] cheese - null
[2020-02-25T09:35:09.360] [DEBUG] cheese - login => username:admin,password:123456
[2020-02-25T09:35:09.360] [DEBUG] cheese - admin
[2020-02-25T09:35:09.361] [DEBUG] cheese - null
[2020-02-25T09:35:09.361] [DEBUG] cheese - null
[2020-02-25T09:35:20.332] [DEBUG] cheese - login => username:goods,password:123456
[2020-02-25T09:35:20.333] [DEBUG] cheese - goods
[2020-02-25T09:35:20.335] [DEBUG] cheese - null
[2020-02-25T09:35:20.335] [DEBUG] cheese - null
[2020-02-25T09:35:22.817] [DEBUG] cheese - null
[2020-02-25T09:35:22.819] [DEBUG] cheese - null
[2020-02-25T09:35:23.402] [DEBUG] cheese - null
[2020-02-25T09:35:23.404] [DEBUG] cheese - null
[2020-02-25T09:35:31.430] [DEBUG] cheese - login => username:author,password:123456
[2020-02-25T09:35:31.430] [DEBUG] cheese - author
[2020-02-25T09:35:31.432] [DEBUG] cheese - null
[2020-02-25T09:35:31.432] [DEBUG] cheese - null
[2020-02-25T09:35:33.625] [DEBUG] cheese - null
[2020-02-25T09:35:33.626] [DEBUG] cheese - null
[2020-02-25T09:35:34.109] [DEBUG] cheese - null
[2020-02-25T09:35:34.110] [DEBUG] cheese - null
[2020-02-25T09:36:07.230] [DEBUG] cheese - login => username:admin,password:123456
[2020-02-25T09:36:07.230] [DEBUG] cheese - admin
[2020-02-25T09:36:07.233] [DEBUG] cheese - null
[2020-02-25T09:36:07.233] [DEBUG] cheese - null
[2020-02-25T09:36:57.448] [DEBUG] cheese - login => username:test,password:123456
[2020-02-25T09:36:57.448] [DEBUG] cheese - test
[2020-02-25T09:36:57.450] [DEBUG] cheese - null
[2020-02-25T09:36:57.451] [DEBUG] cheese - null
[2020-02-25T09:36:59.390] [DEBUG] cheese - login => username:admin,password:123456
[2020-02-25T09:36:59.390] [DEBUG] cheese - admin
[2020-02-25T09:36:59.392] [DEBUG] cheese - null
[2020-02-25T09:36:59.392] [DEBUG] cheese - null
[2020-02-25T09:37:20.461] [DEBUG] cheese - login => username:test,password:123456
[2020-02-25T09:37:20.461] [DEBUG] cheese - test
[2020-02-25T09:37:20.463] [DEBUG] cheese - null
[2020-02-25T09:37:20.463] [DEBUG] cheese - null
[2020-02-25T09:37:22.733] [DEBUG] cheese - null
[2020-02-25T09:37:22.734] [DEBUG] cheese - null
[2020-02-25T09:37:26.423] [DEBUG] cheese - login => username:admin,password:123456
[2020-02-25T09:37:26.424] [DEBUG] cheese - admin
[2020-02-25T09:37:26.425] [DEBUG] cheese - null
[2020-02-25T09:37:26.425] [DEBUG] cheese - null
[2020-02-25T09:37:34.639] [DEBUG] cheese - null
[2020-02-25T09:37:38.764] [DEBUG] cheese - null
[2020-02-25T09:37:44.419] [DEBUG] cheese - login => username:test,password:123456
[2020-02-25T09:37:44.419] [DEBUG] cheese - test
[2020-02-25T09:37:44.422] [DEBUG] cheese - null
[2020-02-25T09:37:44.422] [DEBUG] cheese - null
[2020-02-25T09:52:10.526] [DEBUG] cheese - null
[2020-02-25T09:52:10.528] [DEBUG] cheese - null
[2020-02-25T09:52:11.905] [DEBUG] cheese - null
[2020-02-25T09:52:11.906] [DEBUG] cheese - null
[2020-02-25T09:52:13.187] [DEBUG] cheese - null
[2020-02-25T09:52:13.189] [DEBUG] cheese - null
[2020-02-25T09:52:15.056] [DEBUG] cheese - null
[2020-02-25T09:52:15.057] [DEBUG] cheese - null
[2020-02-25T09:52:25.023] [DEBUG] cheese - null
[2020-02-25T09:52:25.024] [DEBUG] cheese - null
[2020-02-25T09:52:26.311] [DEBUG] cheese - null
[2020-02-25T09:52:26.312] [DEBUG] cheese - null
[2020-03-08T23:33:06.424] [DEBUG] cheese - login => username:admin,password:123456
[2020-03-08T23:33:06.428] [DEBUG] cheese - admin
[2020-03-08T23:33:06.483] [DEBUG] cheese - null
[2020-03-08T23:33:06.484] [DEBUG] cheese - null
[2020-03-08T23:33:18.033] [DEBUG] cheese - login => username:admin,password:123456
[2020-03-08T23:33:18.033] [DEBUG] cheese - admin
[2020-03-08T23:33:18.039] [DEBUG] cheese - null
[2020-03-08T23:33:18.039] [DEBUG] cheese - null
[2022-02-21T11:14:23.994] [DEBUG] cheese - login => username:admin,password:123456
[2022-02-21T11:14:23.997] [DEBUG] cheese - admin
[2022-02-21T11:14:24.193] [DEBUG] cheese - null
[2022-02-21T11:14:24.194] [DEBUG] cheese - null
[2022-02-21T14:53:08.698] [DEBUG] cheese - login => username:admin,password:123456
[2022-02-21T14:53:08.701] [DEBUG] cheese - admin
[2022-02-21T14:53:08.831] [DEBUG] cheese - null
[2022-02-21T14:53:08.831] [DEBUG] cheese - null
[2022-02-21T14:53:59.849] [DEBUG] cheese - login => username:admin,password:123456
[2022-02-21T14:53:59.849] [DEBUG] cheese - admin
[2022-02-21T14:53:59.852] [DEBUG] cheese - null
[2022-02-21T14:53:59.852] [DEBUG] cheese - null
[2022-02-21T14:55:01.055] [DEBUG] cheese - login => username:admin,password:123456
[2022-02-21T14:55:01.055] [DEBUG] cheese - admin
[2022-02-21T14:55:01.059] [DEBUG] cheese - null
[2022-02-21T14:55:01.060] [DEBUG] cheese - null
[2022-02-21T14:55:59.572] [DEBUG] cheese - login => username:zs1,password:12241141
[2022-02-21T14:55:59.573] [DEBUG] cheese - zs1
[2022-02-21T14:55:59.575] [DEBUG] cheese - null
[2022-02-21T14:55:59.575] [DEBUG] cheese - null
[2022-02-21T15:00:48.025] [DEBUG] cheese - login => username:zss,password:123453454
[2022-02-21T15:00:48.025] [DEBUG] cheese - zss
[2022-02-21T15:00:48.033] [DEBUG] cheese - null
[2022-02-21T15:00:48.033] [DEBUG] cheese - null
[2022-02-21T15:01:00.507] [DEBUG] cheese - login => username:admin,password:123456
[2022-02-21T15:01:00.507] [DEBUG] cheese - admin
[2022-02-21T15:01:00.510] [DEBUG] cheese - null
[2022-02-21T15:01:00.510] [DEBUG] cheese - null
[2022-02-21T15:05:41.292] [DEBUG] cheese - login => username:admin,password:123456
[2022-02-21T15:05:41.292] [DEBUG] cheese - admin
[2022-02-21T15:05:41.304] [DEBUG] cheese - null
[2022-02-21T15:05:41.305] [DEBUG] cheese - null
[2022-02-21T15:06:39.205] [DEBUG] cheese - login => username:admin,password:123456
[2022-02-21T15:06:39.205] [DEBUG] cheese - admin
[2022-02-21T15:06:39.208] [DEBUG] cheese - null
[2022-02-21T15:06:39.208] [DEBUG] cheese - null
[2022-02-21T15:07:47.380] [DEBUG] cheese - login => username:admin,password:123456
[2022-02-21T15:07:47.380] [DEBUG] cheese - admin
[2022-02-21T15:07:47.383] [DEBUG] cheese - null
[2022-02-21T15:07:47.383] [DEBUG] cheese - null
[2022-02-21T15:17:25.281] [DEBUG] cheese - login => username:admin,password:123456
[2022-02-21T15:17:25.281] [DEBUG] cheese - admin
[2022-02-21T15:17:25.299] [DEBUG] cheese - null
[2022-02-21T15:17:25.299] [DEBUG] cheese - null
[2022-02-21T15:18:56.661] [DEBUG] cheese - login => username:admin,password:123456
[2022-02-21T15:18:56.661] [DEBUG] cheese - admin
[2022-02-21T15:18:56.664] [DEBUG] cheese - null
[2022-02-21T15:18:56.664] [DEBUG] cheese - null
[2022-02-21T15:44:13.414] [DEBUG] cheese - login => username:admin,password:123456
[2022-02-21T15:44:13.414] [DEBUG] cheese - admin
[2022-02-21T15:44:13.432] [DEBUG] cheese - null
[2022-02-21T15:44:13.432] [DEBUG] cheese - null
[2022-02-21T15:56:32.932] [DEBUG] cheese - login => username:admin,password:123456
[2022-02-21T15:56:32.932] [DEBUG] cheese - admin
[2022-02-21T15:56:32.939] [DEBUG] cheese - null
[2022-02-21T15:56:32.939] [DEBUG] cheese - null
[2022-02-21T16:09:25.656] [DEBUG] cheese - login => username:admin,password:123456
[2022-02-21T16:09:25.657] [DEBUG] cheese - admin
[2022-02-21T16:09:25.668] [DEBUG] cheese - null
[2022-02-21T16:09:25.668] [DEBUG] cheese - null
[2022-02-21T16:10:15.139] [DEBUG] cheese - login => username:admin,password:123456
[2022-02-21T16:10:15.139] [DEBUG] cheese - admin
[2022-02-21T16:10:15.151] [DEBUG] cheese - null
[2022-02-21T16:10:15.151] [DEBUG] cheese - null
[2022-02-21T17:11:21.216] [DEBUG] cheese - login => username:admin,password:123456
[2022-02-21T17:11:21.217] [DEBUG] cheese - admin
[2022-02-21T17:11:21.227] [DEBUG] cheese - null
[2022-02-21T17:11:21.227] [DEBUG] cheese - null
[2022-02-21T17:11:57.247] [DEBUG] cheese - login => username:admin,password:123456
[2022-02-21T17:11:57.247] [DEBUG] cheese - admin
[2022-02-21T17:11:57.252] [DEBUG] cheese - null
[2022-02-21T17:11:57.252] [DEBUG] cheese - null
[2022-02-21T17:19:28.986] [DEBUG] cheese - login => username:admin,password:123456
[2022-02-21T17:19:28.986] [DEBUG] cheese - admin
[2022-02-21T17:19:28.990] [DEBUG] cheese - null
[2022-02-21T17:19:28.990] [DEBUG] cheese - null
[2022-02-21T17:25:36.807] [DEBUG] cheese - login => username:admin,password:123456
[2022-02-21T17:25:36.807] [DEBUG] cheese - admin
[2022-02-21T17:25:36.813] [DEBUG] cheese - null
[2022-02-21T17:25:36.813] [DEBUG] cheese - null
[2022-02-21T17:26:38.052] [DEBUG] cheese - login => username:admin,password:123456
[2022-02-21T17:26:38.052] [DEBUG] cheese - admin
[2022-02-21T17:26:38.054] [DEBUG] cheese - null
[2022-02-21T17:26:38.054] [DEBUG] cheese - null
[2022-02-21T17:50:19.918] [DEBUG] cheese - login => username:admin,password:123456
[2022-02-21T17:50:19.918] [DEBUG] cheese - admin
[2022-02-21T17:50:19.921] [DEBUG] cheese - null
[2022-02-21T17:50:19.921] [DEBUG] cheese - null
[2022-02-22T12:45:32.600] [DEBUG] cheese - login => username:admin,password:123456
[2022-02-22T12:45:32.602] [DEBUG] cheese - admin
[2022-02-22T12:45:32.666] [DEBUG] cheese - null
[2022-02-22T12:45:32.667] [DEBUG] cheese - null
[2022-02-23T12:07:30.889] [DEBUG] cheese - null
[2022-02-23T12:11:14.066] [DEBUG] cheese - null
[2022-02-23T12:14:12.540] [DEBUG] cheese - null
[2022-02-23T12:14:15.522] [DEBUG] cheese - null
[2022-02-23T12:46:11.795] [DEBUG] cheese - login => username:admin,password:123456
[2022-02-23T12:46:11.795] [DEBUG] cheese - admin
[2022-02-23T12:46:11.798] [DEBUG] cheese - null
[2022-02-23T12:46:11.798] [DEBUG] cheese - null
[2022-02-24T16:14:48.869] [DEBUG] cheese - login => username:admin,password:123456
[2022-02-24T16:14:48.873] [DEBUG] cheese - admin
[2022-02-24T16:14:49.458] [DEBUG] cheese - null
[2022-02-24T16:14:49.459] [DEBUG] cheese - null
[2022-02-24T16:31:40.872] [DEBUG] cheese - null
[2022-02-24T21:45:08.863] [DEBUG] cheese - login => username:admin,password:123456
[2022-02-24T21:45:08.872] [DEBUG] cheese - admin
[2022-02-24T21:45:08.879] [DEBUG] cheese - null
[2022-02-24T21:45:08.881] [DEBUG] cheese - null
[2022-02-25T11:23:27.928] [DEBUG] cheese - login => username:admin,password:123456
[2022-02-25T11:23:27.929] [DEBUG] cheese - admin
[2022-02-25T11:23:28.067] [DEBUG] cheese - null
[2022-02-25T11:23:28.068] [DEBUG] cheese - null
[2022-02-26T12:19:51.855] [DEBUG] cheese - login => username:admin,password:123456
[2022-02-26T12:19:51.859] [DEBUG] cheese - admin
[2022-02-26T12:19:52.166] [DEBUG] cheese - null
[2022-02-26T12:19:52.167] [DEBUG] cheese - null
[2022-02-27T20:13:56.197] [DEBUG] cheese - login => username:admin,password:123456
[2022-02-27T20:13:56.199] [DEBUG] cheese - admin
[2022-02-27T20:13:56.432] [DEBUG] cheese - null
[2022-02-27T20:13:56.432] [DEBUG] cheese - null
[2022-02-27T22:44:01.543] [DEBUG] cheese - null
[2022-02-27T22:58:04.421] [DEBUG] cheese - null
[2022-02-27T22:58:35.076] [DEBUG] cheese - null
[2022-02-27T22:59:01.336] [DEBUG] cheese - null
[2022-03-04T19:56:38.025] [DEBUG] cheese - login => username:admin,password:123456
[2022-03-04T19:56:38.027] [DEBUG] cheese - admin
[2022-03-04T19:56:38.157] [DEBUG] cheese - null
[2022-03-04T19:56:38.157] [DEBUG] cheese - null
[2022-06-13T18:17:01.917] [DEBUG] cheese - login => username:admin,password:123456
[2022-06-13T18:17:01.918] [DEBUG] cheese - admin
[2022-06-13T18:17:01.934] [DEBUG] cheese - null
[2022-06-13T18:17:01.935] [DEBUG] cheese - null
[2022-06-13T19:09:07.944] [DEBUG] cheese - login => username:admin,password:123456
[2022-06-13T19:09:07.947] [DEBUG] cheese - admin
[2022-06-13T19:09:07.952] [DEBUG] cheese - null
[2022-06-13T19:09:07.952] [DEBUG] cheese - null
[2022-06-13T19:09:58.805] [DEBUG] cheese - login => username:admin,password:123456
[2022-06-13T19:09:58.805] [DEBUG] cheese - admin
[2022-06-13T19:09:58.808] [DEBUG] cheese - null
[2022-06-13T19:09:58.808] [DEBUG] cheese - null
[2022-06-13T19:14:06.844] [DEBUG] cheese - login => username:admin,password:123456
[2022-06-13T19:14:06.844] [DEBUG] cheese - admin
[2022-06-13T19:14:06.846] [DEBUG] cheese - null
[2022-06-13T19:14:06.846] [DEBUG] cheese - null
[2022-06-17T14:44:10.734] [DEBUG] cheese - login => username:admin,password:123456
[2022-06-17T14:44:10.735] [DEBUG] cheese - admin
[2022-06-17T14:44:10.743] [DEBUG] cheese - null
[2022-06-17T14:44:10.744] [DEBUG] cheese - null
[2022-06-23T08:31:23.106] [DEBUG] cheese - login => username:admin,password:123456
[2022-06-23T08:31:23.107] [DEBUG] cheese - admin
[2022-06-23T08:31:23.123] [DEBUG] cheese - null
[2022-06-23T08:31:23.124] [DEBUG] cheese - null
[2022-06-23T08:31:33.986] [DEBUG] cheese - login => username:admin,password:123456
[2022-06-23T08:31:33.987] [DEBUG] cheese - admin
[2022-06-23T08:31:33.989] [DEBUG] cheese - null
[2022-06-23T08:31:33.989] [DEBUG] cheese - null
[2022-06-23T08:32:18.983] [DEBUG] cheese - null
[2022-06-23T10:26:19.517] [DEBUG] cheese - login => username:admin,password:123456
[2022-06-23T10:26:19.518] [DEBUG] cheese - admin
[2022-06-23T10:26:19.528] [DEBUG] cheese - null
[2022-06-23T10:26:19.528] [DEBUG] cheese - null
[2022-06-23T10:29:33.577] [DEBUG] cheese - login => username:admin,password:123456
[2022-06-23T10:29:33.578] [DEBUG] cheese - admin
[2022-06-23T10:29:33.584] [DEBUG] cheese - null
[2022-06-23T10:29:33.585] [DEBUG] cheese - null
[2022-06-23T11:22:42.408] [DEBUG] cheese - login => username:admin,password:123456
[2022-06-23T11:22:42.410] [DEBUG] cheese - admin
[2022-06-23T11:22:42.413] [DEBUG] cheese - null
[2022-06-23T11:22:42.414] [DEBUG] cheese - null
[2022-06-23T11:23:00.848] [DEBUG] cheese - login => username:admin,password:123456
[2022-06-23T11:23:00.848] [DEBUG] cheese - admin
[2022-06-23T11:23:00.850] [DEBUG] cheese - null
[2022-06-23T11:23:00.850] [DEBUG] cheese - null
[2022-06-23T11:24:00.426] [DEBUG] cheese - login => username:admin,password:123456
[2022-06-23T11:24:00.427] [DEBUG] cheese - admin
[2022-06-23T11:24:00.429] [DEBUG] cheese - null
[2022-06-23T11:24:00.429] [DEBUG] cheese - null
[2022-06-23T11:31:30.621] [DEBUG] cheese - login => username:admin,password:123456
[2022-06-23T11:31:30.621] [DEBUG] cheese - admin
[2022-06-23T11:31:30.623] [DEBUG] cheese - null
[2022-06-23T11:31:30.624] [DEBUG] cheese - null
[2022-06-23T11:34:37.920] [DEBUG] cheese - login => username:admin,password:123456
[2022-06-23T11:34:37.920] [DEBUG] cheese - admin
[2022-06-23T11:34:37.922] [DEBUG] cheese - null
[2022-06-23T11:34:37.923] [DEBUG] cheese - null
[2022-06-23T11:37:32.855] [DEBUG] cheese - login => username:admin,password:123456
[2022-06-23T11:37:32.855] [DEBUG] cheese - admin
[2022-06-23T11:37:32.857] [DEBUG] cheese - null
[2022-06-23T11:37:32.857] [DEBUG] cheese - null
[2023-03-02T09:23:01.715] [DEBUG] cheese - login => username:admin,password:123456
[2023-03-02T09:23:01.718] [DEBUG] cheese - admin
[2023-03-02T09:23:01.731] [DEBUG] cheese - null
[2023-03-02T09:23:01.731] [DEBUG] cheese - null
[2023-03-08T13:14:00.346] [DEBUG] cheese - login => username:admin,password:123456
[2023-03-08T13:14:00.347] [DEBUG] cheese - admin
[2023-03-08T13:14:00.386] [DEBUG] cheese - null
[2023-03-08T13:14:00.387] [DEBUG] cheese - null
[2023-03-08T13:27:27.789] [DEBUG] cheese - login => username:linken,password:121321123
[2023-03-08T13:27:27.790] [DEBUG] cheese - linken
[2023-03-08T13:27:27.793] [DEBUG] cheese - null
[2023-03-08T13:27:27.793] [DEBUG] cheese - null
[2023-03-08T13:27:47.010] [DEBUG] cheese - login => username:linken,password:121321123
[2023-03-08T13:27:47.010] [DEBUG] cheese - linken
[2023-03-08T13:27:47.012] [DEBUG] cheese - null
[2023-03-08T13:27:47.012] [DEBUG] cheese - null
[2023-03-08T13:27:57.745] [DEBUG] cheese - login => username:asdf1,password:123123
[2023-03-08T13:27:57.745] [DEBUG] cheese - asdf1
[2023-03-08T13:27:57.747] [DEBUG] cheese - null
[2023-03-08T13:27:57.747] [DEBUG] cheese - null
[2023-03-08T13:28:15.226] [DEBUG] cheese - login => username:asdf1,password:123123
[2023-03-08T13:28:15.226] [DEBUG] cheese - asdf1
[2023-03-08T13:28:15.227] [DEBUG] cheese - null
[2023-03-08T13:28:15.227] [DEBUG] cheese - null
[2023-03-08T13:28:25.586] [DEBUG] cheese - login => username:admin,password:12345678
[2023-03-08T13:28:25.586] [DEBUG] cheese - admin
[2023-03-08T13:28:25.588] [DEBUG] cheese - null
[2023-03-08T13:28:25.588] [DEBUG] cheese - null
[2023-03-08T13:28:47.491] [DEBUG] cheese - login => username:admin,password:123456
[2023-03-08T13:28:47.491] [DEBUG] cheese - admin
[2023-03-08T13:28:47.493] [DEBUG] cheese - null
[2023-03-08T13:28:47.493] [DEBUG] cheese - null
[2023-03-08T13:39:14.982] [DEBUG] cheese - login => username:linken,password:123456
[2023-03-08T13:39:14.982] [DEBUG] cheese - linken
[2023-03-08T13:39:14.988] [DEBUG] cheese - null
[2023-03-08T13:50:42.979] [DEBUG] cheese - login => username:admin,password:123456
[2023-03-08T13:50:42.980] [DEBUG] cheese - admin
[2023-03-08T13:50:42.990] [DEBUG] cheese - null
[2023-03-08T13:50:42.990] [DEBUG] cheese - null
[2023-03-08T13:52:41.281] [DEBUG] cheese - login => username:linken,password:123456
[2023-03-08T13:52:41.281] [DEBUG] cheese - linken
[2023-03-08T13:52:41.284] [DEBUG] cheese - null
[2023-03-08T13:52:41.284] [DEBUG] cheese - null
[2023-03-08T13:52:45.848] [DEBUG] cheese - login => username:linken,password:linken
[2023-03-08T13:52:45.848] [DEBUG] cheese - linken
[2023-03-08T13:52:45.850] [DEBUG] cheese - null
[2023-03-08T13:52:45.851] [DEBUG] cheese - null
[2023-03-08T13:52:50.761] [DEBUG] cheese - login => username:linken,password:12345678
[2023-03-08T13:52:50.761] [DEBUG] cheese - linken
[2023-03-08T13:52:50.763] [DEBUG] cheese - null
[2023-03-08T13:52:50.763] [DEBUG] cheese - null
[2023-03-08T13:52:57.873] [DEBUG] cheese - login => username:linken,password:654321
[2023-03-08T13:52:57.873] [DEBUG] cheese - linken
[2023-03-08T13:52:57.877] [DEBUG] cheese - null
[2023-03-08T13:52:57.877] [DEBUG] cheese - null
[2023-03-08T13:53:02.441] [DEBUG] cheese - login => username:admin,password:123456
[2023-03-08T13:53:02.441] [DEBUG] cheese - admin
[2023-03-08T13:53:02.444] [DEBUG] cheese - null
[2023-03-08T13:53:02.444] [DEBUG] cheese - null
[2023-03-08T13:54:21.834] [DEBUG] cheese - login => username:linken,password:123456
[2023-03-08T13:54:21.834] [DEBUG] cheese - linken
[2023-03-08T13:54:21.836] [DEBUG] cheese - null
[2023-03-08T13:54:21.836] [DEBUG] cheese - null
[2023-03-08T13:54:34.098] [DEBUG] cheese - login => username:admin,password:123456
[2023-03-08T13:54:34.098] [DEBUG] cheese - admin
[2023-03-08T13:54:34.100] [DEBUG] cheese - null
[2023-03-08T13:54:34.100] [DEBUG] cheese - null
[2023-03-10T12:12:42.555] [DEBUG] cheese - login => username:admin,password:123456
[2023-03-10T12:12:42.556] [DEBUG] cheese - admin
[2023-03-10T12:12:42.584] [DEBUG] cheese - null
[2023-03-10T12:12:42.585] [DEBUG] cheese - null
[2023-03-14T15:05:00.131] [DEBUG] cheese - login => username:admin,password:123456
[2023-03-14T15:05:00.133] [DEBUG] cheese - admin
[2023-03-14T15:05:00.146] [DEBUG] cheese - null
[2023-03-14T15:05:00.147] [DEBUG] cheese - null
[2023-03-15T09:42:08.065] [DEBUG] cheese - login => username:admin,password:123456
[2023-03-15T09:42:08.066] [DEBUG] cheese - admin
[2023-03-15T09:42:08.081] [DEBUG] cheese - null
[2023-03-15T09:42:08.081] [DEBUG] cheese - null
[2023-03-15T10:53:07.644] [DEBUG] cheese - login => username:admin,password:123456
[2023-03-15T10:53:07.645] [DEBUG] cheese - admin
[2023-03-15T10:53:07.658] [DEBUG] cheese - null
[2023-03-15T10:53:07.659] [DEBUG] cheese - null
[2023-03-15T14:13:28.043] [DEBUG] cheese - login => username:linken,password:123456
[2023-03-15T14:13:28.043] [DEBUG] cheese - linken
[2023-03-15T14:13:28.046] [DEBUG] cheese - null
[2023-03-15T14:13:28.046] [DEBUG] cheese - null
[2023-03-15T14:13:30.444] [DEBUG] cheese - null
[2023-03-15T14:13:30.446] [DEBUG] cheese - null
[2023-03-15T14:13:33.447] [DEBUG] cheese - null
[2023-03-15T14:13:33.449] [DEBUG] cheese - null
[2023-03-15T14:13:41.288] [DEBUG] cheese - null
[2023-03-15T14:13:41.291] [DEBUG] cheese - null
[2023-03-15T14:13:43.340] [DEBUG] cheese - null
[2023-03-15T14:13:43.342] [DEBUG] cheese - null
[2023-03-15T14:13:44.783] [DEBUG] cheese - null
[2023-03-15T14:13:44.785] [DEBUG] cheese - null
[2023-03-15T14:13:52.442] [DEBUG] cheese - null
[2023-03-15T14:13:52.445] [DEBUG] cheese - null
[2023-03-15T14:18:17.483] [DEBUG] cheese - login => username:linken,password:123456
[2023-03-15T14:18:17.483] [DEBUG] cheese - linken
[2023-03-15T14:18:17.487] [DEBUG] cheese - null
[2023-03-15T14:18:17.487] [DEBUG] cheese - null
[2023-03-15T14:18:19.556] [DEBUG] cheese - null
[2023-03-15T14:18:19.558] [DEBUG] cheese - null
[2023-03-15T14:18:21.384] [DEBUG] cheese - null
[2023-03-15T14:18:21.386] [DEBUG] cheese - null
[2023-03-15T14:18:55.521] [DEBUG] cheese - null
[2023-03-15T14:18:55.523] [DEBUG] cheese - null
[2023-03-15T14:18:57.216] [DEBUG] cheese - null
[2023-03-15T14:18:57.219] [DEBUG] cheese - null
[2023-03-15T14:22:44.890] [DEBUG] cheese - login => username:linken,password:123456
[2023-03-15T14:22:44.890] [DEBUG] cheese - linken
[2023-03-15T14:22:44.895] [DEBUG] cheese - null
[2023-03-15T14:22:44.895] [DEBUG] cheese - null
[2023-03-15T14:22:46.874] [DEBUG] cheese - null
[2023-03-15T14:22:46.876] [DEBUG] cheese - null
[2023-03-15T14:22:48.129] [DEBUG] cheese - null
[2023-03-15T14:22:48.131] [DEBUG] cheese - null
[2023-03-15T14:22:49.285] [DEBUG] cheese - null
[2023-03-15T14:22:49.288] [DEBUG] cheese - null
[2023-03-15T14:22:50.313] [DEBUG] cheese - null
[2023-03-15T14:22:50.315] [DEBUG] cheese - null
[2023-03-15T14:25:39.510] [DEBUG] cheese - login => username:admin,password:123456
[2023-03-15T14:25:39.510] [DEBUG] cheese - admin
[2023-03-15T14:25:39.518] [DEBUG] cheese - null
[2023-03-15T14:25:39.518] [DEBUG] cheese - null
[2023-03-15T14:37:24.770] [DEBUG] cheese - login => username:,password:123456
[2023-03-15T14:37:24.770] [DEBUG] cheese - 
[2023-03-15T14:37:24.772] [DEBUG] cheese - null
[2023-03-15T14:37:24.773] [DEBUG] cheese - null
[2023-03-15T14:37:30.992] [DEBUG] cheese - null
[2023-03-15T14:37:30.994] [DEBUG] cheese - null
[2023-03-15T14:37:32.607] [DEBUG] cheese - null
[2023-03-15T14:37:32.610] [DEBUG] cheese - null
[2023-03-15T14:37:34.164] [DEBUG] cheese - null
[2023-03-15T14:37:34.166] [DEBUG] cheese - null
[2023-03-15T14:37:57.733] [DEBUG] cheese - login => username:admin,password:123456
[2023-03-15T14:37:57.733] [DEBUG] cheese - admin
[2023-03-15T14:37:57.736] [DEBUG] cheese - null
[2023-03-15T14:37:57.737] [DEBUG] cheese - null
[2023-03-15T14:38:48.146] [DEBUG] cheese - login => username:,password:123456
[2023-03-15T14:38:48.146] [DEBUG] cheese - 
[2023-03-15T14:38:48.148] [DEBUG] cheese - null
[2023-03-15T14:38:48.148] [DEBUG] cheese - null
[2023-03-15T14:38:50.015] [DEBUG] cheese - null
[2023-03-15T14:38:50.017] [DEBUG] cheese - null
[2023-03-15T14:39:36.546] [DEBUG] cheese - login => username:admin,password:123456
[2023-03-15T14:39:36.546] [DEBUG] cheese - admin
[2023-03-15T14:39:36.548] [DEBUG] cheese - null
[2023-03-15T14:39:36.548] [DEBUG] cheese - null
[2023-03-15T14:43:28.242] [DEBUG] cheese - login => username:admin,password:123456
[2023-03-15T14:43:28.242] [DEBUG] cheese - admin
[2023-03-15T14:43:28.244] [DEBUG] cheese - null
[2023-03-15T14:43:28.244] [DEBUG] cheese - null
[2023-03-15T14:45:44.226] [DEBUG] cheese - login => username:admin,password:123456
[2023-03-15T14:45:44.226] [DEBUG] cheese - admin
[2023-03-15T14:45:44.228] [DEBUG] cheese - null
[2023-03-15T14:45:44.228] [DEBUG] cheese - null
[2023-03-15T14:46:09.154] [DEBUG] cheese - login => username:admin,password:123456
[2023-03-15T14:46:09.154] [DEBUG] cheese - admin
[2023-03-15T14:46:09.156] [DEBUG] cheese - null
[2023-03-15T14:46:09.156] [DEBUG] cheese - null
[2023-03-15T14:46:31.466] [DEBUG] cheese - login => username:admin,password:123456
[2023-03-15T14:46:31.466] [DEBUG] cheese - admin
[2023-03-15T14:46:31.469] [DEBUG] cheese - null
[2023-03-15T14:46:31.469] [DEBUG] cheese - null
[2023-03-15T14:46:43.153] [DEBUG] cheese - login => username:admin,password:123456
[2023-03-15T14:46:43.153] [DEBUG] cheese - admin
[2023-03-15T14:46:43.155] [DEBUG] cheese - null
[2023-03-15T14:46:43.155] [DEBUG] cheese - null
[2023-03-15T14:47:00.394] [DEBUG] cheese - login => username:admin,password:123456
[2023-03-15T14:47:00.394] [DEBUG] cheese - admin
[2023-03-15T14:47:00.395] [DEBUG] cheese - null
[2023-03-15T14:47:00.395] [DEBUG] cheese - null
[2023-03-15T14:47:06.565] [DEBUG] cheese - login => username:admin,password:123456
[2023-03-15T14:47:06.565] [DEBUG] cheese - admin
[2023-03-15T14:47:06.567] [DEBUG] cheese - null
[2023-03-15T14:47:06.568] [DEBUG] cheese - null
[2023-03-16T09:41:59.294] [DEBUG] cheese - login => username:admin,password:123456
[2023-03-16T09:41:59.295] [DEBUG] cheese - admin
[2023-03-16T09:41:59.376] [DEBUG] cheese - null
[2023-03-16T09:41:59.376] [DEBUG] cheese - null
[2023-03-21T09:35:17.435] [DEBUG] cheese - login => username:admin,password:123456
[2023-03-21T09:35:17.437] [DEBUG] cheese - admin
[2023-03-21T09:35:17.453] [DEBUG] cheese - null
[2023-03-21T09:35:17.453] [DEBUG] cheese - null
[2023-03-21T13:27:57.170] [DEBUG] cheese - login => username:admin,password:123456
[2023-03-21T13:27:57.170] [DEBUG] cheese - admin
[2023-03-21T13:27:57.172] [DEBUG] cheese - null
[2023-03-21T13:27:57.172] [DEBUG] cheese - null
[2023-03-21T13:43:45.390] [DEBUG] cheese - login => username:admin,password:123456
[2023-03-21T13:43:45.391] [DEBUG] cheese - admin
[2023-03-21T13:43:45.400] [DEBUG] cheese - null
[2023-03-21T13:43:45.400] [DEBUG] cheese - null
[2023-03-21T13:44:19.921] [DEBUG] cheese - login => username:admin,password:123456
[2023-03-21T13:44:19.922] [DEBUG] cheese - admin
[2023-03-21T13:44:19.930] [DEBUG] cheese - null
[2023-03-21T13:44:19.930] [DEBUG] cheese - null
[2023-03-21T13:44:41.244] [DEBUG] cheese - login => username:admin,password:123456
[2023-03-21T13:44:41.245] [DEBUG] cheese - admin
[2023-03-21T13:44:41.252] [DEBUG] cheese - null
[2023-03-21T13:44:41.253] [DEBUG] cheese - null
[2023-03-21T13:46:49.049] [DEBUG] cheese - login => username:admin,password:123456
[2023-03-21T13:46:49.049] [DEBUG] cheese - admin
[2023-03-21T13:46:49.051] [DEBUG] cheese - login => username:admin,password:123456
[2023-03-21T13:46:49.051] [DEBUG] cheese - admin
[2023-03-21T13:46:49.053] [DEBUG] cheese - login => username:admin,password:123456
[2023-03-21T13:46:49.053] [DEBUG] cheese - admin
[2023-03-21T13:46:49.062] [DEBUG] cheese - null
[2023-03-21T13:46:50.223] [DEBUG] cheese - login => username:admin,password:123456
[2023-03-21T13:46:50.225] [DEBUG] cheese - admin
[2023-03-21T13:46:50.231] [DEBUG] cheese - login => username:admin,password:123456
[2023-03-21T13:46:50.231] [DEBUG] cheese - admin
[2023-03-21T13:46:50.243] [DEBUG] cheese - null
[2023-03-21T13:46:50.244] [DEBUG] cheese - null
[2023-03-21T13:46:50.341] [DEBUG] cheese - null
[2023-03-21T13:46:50.341] [DEBUG] cheese - null
[2023-03-21T13:56:20.299] [DEBUG] cheese - login => username:admin,password:123456
[2023-03-21T13:56:20.300] [DEBUG] cheese - admin
[2023-03-21T13:56:20.309] [DEBUG] cheese - null
[2023-03-21T13:56:20.309] [DEBUG] cheese - null
[2023-03-21T13:58:29.612] [DEBUG] cheese - login => username:admin,password:123456
[2023-03-21T13:58:29.613] [DEBUG] cheese - admin
[2023-03-21T13:58:29.620] [DEBUG] cheese - null
[2023-03-21T13:58:29.621] [DEBUG] cheese - null
[2023-03-21T14:05:06.820] [DEBUG] cheese - login => username:admin,password:123456
[2023-03-21T14:05:06.821] [DEBUG] cheese - admin
[2023-03-21T14:05:06.828] [DEBUG] cheese - null
[2023-03-21T14:05:06.829] [DEBUG] cheese - null
[2023-03-21T14:22:13.604] [DEBUG] cheese - login => username:admin,password:123456
[2023-03-21T14:22:13.605] [DEBUG] cheese - admin
[2023-03-21T14:22:13.610] [DEBUG] cheese - null
[2023-03-21T14:22:13.610] [DEBUG] cheese - null
[2023-03-21T14:22:25.787] [DEBUG] cheese - login => username:admin,password:123456
[2023-03-21T14:22:25.788] [DEBUG] cheese - admin
[2023-03-21T14:22:25.796] [DEBUG] cheese - null
[2023-03-21T14:22:25.797] [DEBUG] cheese - null
[2023-03-21T14:31:18.595] [DEBUG] cheese - login => username:linken,password:123456
[2023-03-21T14:31:18.595] [DEBUG] cheese - linken
[2023-03-21T14:31:18.599] [DEBUG] cheese - null
[2023-03-21T14:31:18.599] [DEBUG] cheese - null
[2023-03-21T14:31:51.564] [DEBUG] cheese - login => username:linken,password:123456
[2023-03-21T14:31:51.565] [DEBUG] cheese - linken
[2023-03-21T14:31:51.573] [DEBUG] cheese - null
[2023-03-21T14:31:51.574] [DEBUG] cheese - null
[2023-03-21T14:32:31.320] [DEBUG] cheese - login => username:admin,password:123456
[2023-03-21T14:32:31.320] [DEBUG] cheese - admin
[2023-03-21T14:32:31.323] [DEBUG] cheese - null
[2023-03-21T14:32:31.323] [DEBUG] cheese - null
[2023-03-21T15:03:32.183] [DEBUG] cheese - login => username:admin,password:123456
[2023-03-21T15:03:32.183] [DEBUG] cheese - admin
[2023-03-21T15:03:32.186] [DEBUG] cheese - null
[2023-03-21T15:03:32.186] [DEBUG] cheese - null
[2023-03-21T15:52:56.552] [DEBUG] cheese - login => username:admin,password:123456
[2023-03-21T15:52:56.552] [DEBUG] cheese - admin
[2023-03-21T15:52:56.557] [DEBUG] cheese - null
[2023-03-21T15:52:56.557] [DEBUG] cheese - null
[2023-03-21T16:33:31.833] [DEBUG] cheese - login => username:linken,password:123456
[2023-03-21T16:33:31.833] [DEBUG] cheese - linken
[2023-03-21T16:33:31.835] [DEBUG] cheese - null
[2023-03-21T16:33:31.835] [DEBUG] cheese - null
[2023-03-21T16:33:33.577] [DEBUG] cheese - null
[2023-03-21T16:33:33.579] [DEBUG] cheese - null
[2023-03-21T16:33:35.275] [DEBUG] cheese - null
[2023-03-21T16:33:35.277] [DEBUG] cheese - null
[2023-03-21T16:33:41.289] [DEBUG] cheese - null
[2023-03-21T16:33:41.290] [DEBUG] cheese - null
[2023-03-21T16:33:43.970] [DEBUG] cheese - null
[2023-03-21T16:33:43.972] [DEBUG] cheese - null
[2023-03-21T16:33:53.078] [DEBUG] cheese - null
[2023-03-21T16:33:53.080] [DEBUG] cheese - null
[2023-03-21T16:33:58.725] [DEBUG] cheese - null
[2023-03-21T16:33:58.727] [DEBUG] cheese - null
[2023-03-21T16:34:02.504] [DEBUG] cheese - login => username:admin,password:123456
[2023-03-21T16:34:02.504] [DEBUG] cheese - admin
[2023-03-21T16:34:02.506] [DEBUG] cheese - null
[2023-03-21T16:34:02.506] [DEBUG] cheese - null
[2023-03-21T17:21:24.448] [DEBUG] cheese - login => username:admin,password:123456
[2023-03-21T17:21:24.448] [DEBUG] cheese - admin
[2023-03-21T17:21:24.451] [DEBUG] cheese - null
[2023-03-21T17:21:24.451] [DEBUG] cheese - null
[2023-03-22T15:31:19.687] [DEBUG] cheese - login => username:admin,password:123456
[2023-03-22T15:31:19.687] [DEBUG] cheese - admin
[2023-03-22T15:31:19.782] [DEBUG] cheese - null
[2023-03-22T15:31:19.782] [DEBUG] cheese - null
[2023-03-23T10:14:22.697] [DEBUG] cheese - login => username:admin,password:123456
[2023-03-23T10:14:22.698] [DEBUG] cheese - admin
[2023-03-23T10:14:22.706] [DEBUG] cheese - null
[2023-03-23T10:14:22.706] [DEBUG] cheese - null
[2023-03-24T13:10:07.145] [DEBUG] cheese - login => username:admin,password:123456
[2023-03-24T13:10:07.146] [DEBUG] cheese - admin
[2023-03-24T13:10:07.154] [DEBUG] cheese - null
[2023-03-24T13:10:07.154] [DEBUG] cheese - null
[2023-03-24T13:15:47.083] [DEBUG] cheese - login => username:admin,password:123456
[2023-03-24T13:15:47.083] [DEBUG] cheese - admin
[2023-03-24T13:15:47.086] [DEBUG] cheese - null
[2023-03-24T13:15:47.087] [DEBUG] cheese - null
[2023-03-24T13:16:21.010] [DEBUG] cheese - login => username:admin,password:123456
[2023-03-24T13:16:21.010] [DEBUG] cheese - admin
[2023-03-24T13:16:21.013] [DEBUG] cheese - null
[2023-03-24T13:16:21.013] [DEBUG] cheese - null
[2023-03-24T13:16:31.129] [DEBUG] cheese - login => username:admin,password:123456
[2023-03-24T13:16:31.129] [DEBUG] cheese - admin
[2023-03-24T13:16:31.130] [DEBUG] cheese - null
[2023-03-24T13:16:31.130] [DEBUG] cheese - null
[2023-03-24T16:16:05.226] [DEBUG] cheese - login => username:admin,password:123456
[2023-03-24T16:16:05.227] [DEBUG] cheese - admin
[2023-03-24T16:16:05.235] [DEBUG] cheese - null
[2023-03-24T16:16:05.235] [DEBUG] cheese - null
[2023-03-24T16:16:40.635] [DEBUG] cheese - login => username:admin,password:123456
[2023-03-24T16:16:40.635] [DEBUG] cheese - admin
[2023-03-24T16:16:40.637] [DEBUG] cheese - null
[2023-03-24T16:16:40.637] [DEBUG] cheese - null
[2023-03-27T10:27:28.003] [DEBUG] cheese - login => username:admin,password:123456
[2023-03-27T10:27:28.004] [DEBUG] cheese - admin
[2023-03-27T10:27:28.071] [DEBUG] cheese - null
[2023-03-27T10:27:28.072] [DEBUG] cheese - null
[2023-03-28T10:36:34.141] [DEBUG] cheese - login => username:admin,password:123456
[2023-03-28T10:36:34.142] [DEBUG] cheese - admin
[2023-03-28T10:36:34.146] [DEBUG] cheese - null
[2023-03-28T10:36:34.146] [DEBUG] cheese - null
[2023-03-28T15:32:45.603] [DEBUG] cheese - null
[2023-03-28T15:35:08.606] [DEBUG] cheese - null
[2023-03-28T15:36:47.288] [DEBUG] cheese - null
[2023-03-28T15:38:35.607] [DEBUG] cheese - null
[2023-03-28T15:38:46.477] [DEBUG] cheese - null
[2023-03-28T16:32:20.557] [DEBUG] cheese - null
[2023-03-28T16:49:35.059] [DEBUG] cheese - null
[2023-04-03T15:49:11.221] [DEBUG] cheese - login => username:admin,password:123456
[2023-04-03T15:49:11.222] [DEBUG] cheese - admin
[2023-04-03T15:49:11.264] [DEBUG] cheese - null
[2023-04-03T15:49:11.264] [DEBUG] cheese - null
[2023-04-03T16:05:15.040] [DEBUG] cheese - null
[2023-04-03T16:06:57.017] [DEBUG] cheese - null
[2023-04-03T16:08:10.234] [DEBUG] cheese - null
[2023-04-03T16:48:09.397] [DEBUG] cheese - login => username:admin,password:123456
[2023-04-03T16:48:09.398] [DEBUG] cheese - admin
[2023-04-03T16:48:09.408] [DEBUG] cheese - null
[2023-04-03T16:48:09.408] [DEBUG] cheese - null
[2023-04-03T16:48:56.291] [DEBUG] cheese - null
[2023-07-19T10:20:23.320] [DEBUG] cheese - login => username:admin,password:654321
[2023-07-19T10:20:23.344] [DEBUG] cheese - admin
[2023-07-19T10:20:23.355] [DEBUG] cheese - null
[2023-07-19T10:20:23.355] [DEBUG] cheese - null
[2023-07-19T10:20:39.130] [DEBUG] cheese - login => username:admin,password:654321
[2023-07-19T10:20:39.131] [DEBUG] cheese - admin
[2023-07-19T10:20:39.134] [DEBUG] cheese - null
[2023-07-19T10:20:39.134] [DEBUG] cheese - null
[2023-07-19T10:21:35.945] [DEBUG] cheese - login => username:admin,password:123456
[2023-07-19T10:21:35.945] [DEBUG] cheese - admin
[2023-07-19T10:21:35.948] [DEBUG] cheese - null
[2023-07-19T10:21:35.948] [DEBUG] cheese - null
